Using pre-set license

 COMMAND LINE ARGUMENTS:
/Users/ozgur/Documents/Unity Dosyaları/2020.3.11f1/Unity.app/Contents/MacOS/Unity
-adb2
-batchMode
-noUpm
-name
AssetImportWorker0
-projectPath
/Users/ozgur/Documents/Unity-Projeleri/Triplanar-Shader
-logFile
Logs/AssetImportWorker0.log
-srvPort
63711
Successfully changed project path to: /Users/ozgur/Documents/Unity-Projeleri/Triplanar-Shader
/Users/ozgur/Documents/Unity-Projeleri/Triplanar-Shader
Using Asset Import Pipeline V2.
Refreshing native plugins compatible for Editor in 81.28 ms, found 4 plugins.
Preloading 0 native plugins for Editor in 0.00 ms.
Initialize engine version: 2020.3.11f1 (99c7afb366b3)
[Subsystems] Discovering subsystems at path /Users/ozgur/Documents/Unity Dosyaları/2020.3.11f1/Unity.app/Contents/Resources/UnitySubsystems
[Subsystems] Discovering subsystems at path /Users/ozgur/Documents/Unity-Projeleri/Triplanar-Shader/Assets
GfxDevice: creating device client; threaded=0
2021-07-28 11:20:02.283 Unity[16153:854977] (null) preferred device: Apple M1 (high power)
2021-07-28 11:20:02.283 Unity[16153:854977] Metal devices available: 1
2021-07-28 11:20:02.283 Unity[16153:854977] 0: Apple M1 (high power)
2021-07-28 11:20:02.283 Unity[16153:854977] Using device Apple M1 (high power)
Initializing Metal device caps: Apple M1
Initialize mono
Mono path[0] = '/Users/ozgur/Documents/Unity Dosyaları/2020.3.11f1/Unity.app/Contents/Managed'
Mono path[1] = '/Users/ozgur/Documents/Unity Dosyaları/2020.3.11f1/Unity.app/Contents/MonoBleedingEdge/lib/mono/unityjit'
Mono config path = '/Users/ozgur/Documents/Unity Dosyaları/2020.3.11f1/Unity.app/Contents/MonoBleedingEdge/etc'
Using monoOptions --debugger-agent=transport=dt_socket,embedding=1,server=y,suspend=n,address=127.0.0.1:56153
Begin MonoManager ReloadAssembly
Registering precompiled unity dll's ...
Register platform support module: /Users/ozgur/Documents/Unity Dosyaları/2020.3.11f1/Unity.app/Contents/PlaybackEngines/MacStandaloneSupport/UnityEditor.OSXStandalone.Extensions.dll
Register platform support module: /Users/ozgur/Documents/Unity Dosyaları/2020.3.11f1/PlaybackEngines/WindowsStandaloneSupport/UnityEditor.WindowsStandalone.Extensions.dll
Registered in 0.001513 seconds.
Native extension for WindowsStandalone target not found
Native extension for OSXStandalone target not found
Refreshing native plugins compatible for Editor in 45.08 ms, found 4 plugins.
Preloading 0 native plugins for Editor in 0.00 ms.
Mono: successfully reloaded assembly
- Completed reload, in  2.402 seconds
Platform modules already initialized, skipping
Registering precompiled user dll's ...
Registered in 0.004313 seconds.
Begin MonoManager ReloadAssembly
Native extension for WindowsStandalone target not found
Native extension for OSXStandalone target not found
Refreshing native plugins compatible for Editor in 46.89 ms, found 4 plugins.
Preloading 0 native plugins for Editor in 0.00 ms.
Mono: successfully reloaded assembly
- Completed reload, in  2.619 seconds
Platform modules already initialized, skipping
========================================================================
Worker process is ready to serve import requests
Shader 'Universal Render Pipeline/Particles/Lit': fallback shader 'Universal Render Pipeline/Particles/SimpleLit' not found
Shader 'Universal Render Pipeline/Particles/Lit': fallback shader 'Universal Render Pipeline/Particles/SimpleLit' not found
Launching external process: /Users/ozgur/Documents/Unity Dosyaları/2020.3.11f1/Unity.app/Contents/Tools/UnityShaderCompiler
Launched and connected shader compiler UnityShaderCompiler after 0.46 seconds
Refreshing native plugins compatible for Editor in 0.47 ms, found 4 plugins.
Preloading 0 native plugins for Editor in 0.00 ms.
Unloading 2832 Unused Serialized files (Serialized files now loaded: 0)
System memory in use before: 208.6 MB.
System memory in use after: 206.0 MB.

Unloading 59 unused Assets to reduce memory usage. Loaded Objects now: 3225.
Total: 5.866916 ms (FindLiveObjects: 0.562375 ms CreateObjectMapping: 0.062875 ms MarkObjects: 3.615750 ms  DeleteObjects: 1.624792 ms)

========================================================================
Received Import Request.
  path: Assets/1-Shader/1-Triplanar Mapping/SHDR-TriplanarShader.shadergraph
  artifactKey: Guid(ccf9392631a1a44b1a3104296f8ca6c5) Importer(815301076,1909f56bfc062723c751e8b465ee728b)
Start importing Assets/1-Shader/1-Triplanar Mapping/SHDR-TriplanarShader.shadergraph using Guid(ccf9392631a1a44b1a3104296f8ca6c5) Importer(815301076,1909f56bfc062723c751e8b465ee728b)  -> (artifact id: '2e73d96fdde55f12c923f9cc0e96a53f') in 0.771244 seconds
  Import took 0.775951 seconds .

========================================================================
Received Import Request.
  Time since last request: 21.347850 seconds.
  path: Assets/3-Scene/SampleSceneLightingSettings.lighting
  artifactKey: Guid(477cc4148fad3449482a3bc3178594e2) Importer(815301076,1909f56bfc062723c751e8b465ee728b)
Start importing Assets/3-Scene/SampleSceneLightingSettings.lighting using Guid(477cc4148fad3449482a3bc3178594e2) Importer(815301076,1909f56bfc062723c751e8b465ee728b)  -> (artifact id: '4a26a52e718306fba651ad1c5ff177c0') in 0.247300 seconds
  Import took 0.258292 seconds .

========================================================================
Received Import Request.
  Time since last request: 138.877513 seconds.
  path: Assets/2-Material and Texture/MAT-Triplanar.mat
  artifactKey: Guid(a5cdecfa09962467e802d3c98a856df3) Importer(815301076,1909f56bfc062723c751e8b465ee728b)
Start importing Assets/2-Material and Texture/MAT-Triplanar.mat using Guid(a5cdecfa09962467e802d3c98a856df3) Importer(815301076,1909f56bfc062723c751e8b465ee728b)  -> (artifact id: '801ae59c2dcf2351c673584cdb0221e2') in 1.037850 seconds
  Import took 1.062697 seconds .

========================================================================
Received Import Request.
  Time since last request: 40.397145 seconds.
  path: Assets/3-Scene
  artifactKey: Guid(88a19e0c98dbe493f850d97deaf04e44) Importer(815301076,1909f56bfc062723c751e8b465ee728b)
Start importing Assets/3-Scene using Guid(88a19e0c98dbe493f850d97deaf04e44) Importer(815301076,1909f56bfc062723c751e8b465ee728b)  -> (artifact id: '2d0bf95af94a7755fca3140204015abb') in 0.002980 seconds
  Import took 0.014130 seconds .

